[2024-05-06 16:34:14.650] [board_logger] [info] incoming json: {"serial_port":"COM5","mac_address":"","ip_address":"","ip_address_aux":"","ip_address_anc":"","ip_port":0,"ip_port_aux":0,"ip_port_anc":0,"ip_protocol":0,"other_info":"","timeout":0,"serial_number":"","file":"","file_aux":"","file_anc":"","master_board":-100}
[2024-05-06 16:34:14.653] [board_logger] [trace] Board object created 0
[2024-05-06 16:34:14.654] [board_logger] [info] opening port \\.\COM5
[2024-05-06 16:34:14.656] [board_logger] [trace] port \\.\COM5 is open
[2024-05-06 16:34:14.657] [board_logger] [trace] set port settings
[2024-05-06 16:34:14.657] [board_logger] [debug] sending v to the board
[2024-05-06 16:34:15.680] [board_logger] [debug] sending d to the board
[2024-05-06 16:34:16.896] [board_logger] [debug] sending b to the board
[2024-05-06 16:35:25.804] [board_logger] [info] incoming json: {"serial_port":"COM5","mac_address":"","ip_address":"","ip_address_aux":"","ip_address_anc":"","ip_port":0,"ip_port_aux":0,"ip_port_anc":0,"ip_protocol":0,"other_info":"","timeout":0,"serial_number":"","file":"","file_aux":"","file_anc":"","master_board":-100}
[2024-05-06 16:35:25.804] [board_logger] [error] Board with id 0 and the same config already exists
[2024-05-06 16:35:31.480] [board_logger] [info] incoming json: {"serial_port":"COM5","mac_address":"","ip_address":"","ip_address_aux":"","ip_address_anc":"","ip_port":0,"ip_port_aux":0,"ip_port_anc":0,"ip_protocol":0,"other_info":"","timeout":0,"serial_number":"","file":"","file_aux":"","file_anc":"","master_board":-100}
[2024-05-06 16:35:31.483] [board_logger] [error] Board with id 0 and the same config already exists
[2024-05-06 16:35:49.867] [board_logger] [info] incoming json: {"serial_port":"COM5","mac_address":"","ip_address":"","ip_address_aux":"","ip_address_anc":"","ip_port":0,"ip_port_aux":0,"ip_port_anc":0,"ip_protocol":0,"other_info":"","timeout":0,"serial_number":"","file":"","file_aux":"","file_anc":"","master_board":-100}
[2024-05-06 16:35:49.868] [board_logger] [error] Board with id 0 and the same config already exists
[2024-05-06 16:51:26.717] [board_logger] [debug] sending s to the board
[2024-05-06 16:55:49.836] [board_logger] [info] incoming json: {"serial_port":"COM5","mac_address":"","ip_address":"","ip_address_aux":"","ip_address_anc":"","ip_port":0,"ip_port_aux":0,"ip_port_anc":0,"ip_protocol":0,"other_info":"","timeout":0,"serial_number":"","file":"","file_aux":"","file_anc":"","master_board":-100}
[2024-05-06 16:55:49.839] [board_logger] [trace] Board object created 0
[2024-05-06 16:55:49.839] [board_logger] [info] opening port \\.\COM5
[2024-05-06 16:55:49.841] [board_logger] [trace] port \\.\COM5 is open
[2024-05-06 16:55:49.842] [board_logger] [trace] set port settings
[2024-05-06 16:55:49.842] [board_logger] [debug] sending v to the board
[2024-05-06 16:55:50.861] [board_logger] [debug] sending d to the board
[2024-05-06 16:55:52.068] [board_logger] [debug] sending b to the board
[2024-05-06 16:58:25.037] [board_logger] [info] incoming json: {"serial_port":"COM5","mac_address":"","ip_address":"","ip_address_aux":"","ip_address_anc":"","ip_port":0,"ip_port_aux":0,"ip_port_anc":0,"ip_protocol":0,"other_info":"","timeout":0,"serial_number":"","file":"","file_aux":"","file_anc":"","master_board":-100}
[2024-05-06 16:58:25.040] [board_logger] [error] Board with id 0 and the same config already exists
[2024-05-06 16:59:03.679] [board_logger] [debug] sending s to the board
[2024-05-06 16:59:24.192] [board_logger] [info] incoming json: {"serial_port":"COM5","mac_address":"","ip_address":"","ip_address_aux":"","ip_address_anc":"","ip_port":0,"ip_port_aux":0,"ip_port_anc":0,"ip_protocol":0,"other_info":"","timeout":0,"serial_number":"","file":"","file_aux":"","file_anc":"","master_board":-100}
[2024-05-06 16:59:24.195] [board_logger] [trace] Board object created 0
[2024-05-06 16:59:24.196] [board_logger] [info] opening port \\.\COM5
[2024-05-06 16:59:24.198] [board_logger] [trace] port \\.\COM5 is open
[2024-05-06 16:59:24.199] [board_logger] [trace] set port settings
[2024-05-06 16:59:24.200] [board_logger] [debug] sending v to the board
[2024-05-06 16:59:25.251] [board_logger] [debug] sending d to the board
[2024-05-06 16:59:26.460] [board_logger] [debug] sending b to the board
[2024-05-06 17:01:31.000] [board_logger] [info] incoming json: {"serial_port":"COM5","mac_address":"","ip_address":"","ip_address_aux":"","ip_address_anc":"","ip_port":0,"ip_port_aux":0,"ip_port_anc":0,"ip_protocol":0,"other_info":"","timeout":0,"serial_number":"","file":"","file_aux":"","file_anc":"","master_board":-100}
[2024-05-06 17:01:31.002] [board_logger] [error] Board with id 0 and the same config already exists
[2024-05-06 17:01:43.492] [board_logger] [debug] sending s to the board
[2024-05-06 17:01:49.092] [board_logger] [info] incoming json: {"serial_port":"COM5","mac_address":"","ip_address":"","ip_address_aux":"","ip_address_anc":"","ip_port":0,"ip_port_aux":0,"ip_port_anc":0,"ip_protocol":0,"other_info":"","timeout":0,"serial_number":"","file":"","file_aux":"","file_anc":"","master_board":-100}
[2024-05-06 17:01:49.096] [board_logger] [trace] Board object created 0
[2024-05-06 17:01:49.096] [board_logger] [info] opening port \\.\COM5
[2024-05-06 17:01:49.098] [board_logger] [trace] port \\.\COM5 is open
[2024-05-06 17:01:49.099] [board_logger] [trace] set port settings
[2024-05-06 17:01:49.099] [board_logger] [debug] sending v to the board
[2024-05-06 17:01:50.127] [board_logger] [debug] sending d to the board
[2024-05-06 17:01:51.340] [board_logger] [debug] sending b to the board
[2024-05-06 17:02:18.013] [board_logger] [debug] sending s to the board
[2024-05-06 17:15:33.923] [board_logger] [info] incoming json: {"serial_port":"COM5","mac_address":"","ip_address":"","ip_address_aux":"","ip_address_anc":"","ip_port":0,"ip_port_aux":0,"ip_port_anc":0,"ip_protocol":0,"other_info":"","timeout":0,"serial_number":"","file":"","file_aux":"","file_anc":"","master_board":-100}
[2024-05-06 17:15:33.926] [board_logger] [trace] Board object created 0
[2024-05-06 17:15:33.927] [board_logger] [info] opening port \\.\COM5
[2024-05-06 17:15:33.929] [board_logger] [trace] port \\.\COM5 is open
[2024-05-06 17:15:33.930] [board_logger] [trace] set port settings
[2024-05-06 17:15:33.930] [board_logger] [debug] sending v to the board
[2024-05-06 17:15:34.959] [board_logger] [debug] sending d to the board
[2024-05-06 17:15:36.162] [board_logger] [debug] sending b to the board
[2024-05-06 17:16:34.261] [board_logger] [debug] sending s to the board
[2024-05-06 17:16:34.494] [board_logger] [info] incoming json: {"serial_port":"COM5","mac_address":"","ip_address":"","ip_address_aux":"","ip_address_anc":"","ip_port":0,"ip_port_aux":0,"ip_port_anc":0,"ip_protocol":0,"other_info":"","timeout":0,"serial_number":"","file":"","file_aux":"","file_anc":"","master_board":-100}
[2024-05-06 17:16:34.496] [board_logger] [trace] Board object created 0
[2024-05-06 17:16:34.497] [board_logger] [info] opening port \\.\COM5
[2024-05-06 17:16:34.499] [board_logger] [trace] port \\.\COM5 is open
[2024-05-06 17:16:34.500] [board_logger] [trace] set port settings
[2024-05-06 17:16:34.500] [board_logger] [debug] sending v to the board
[2024-05-06 17:16:35.523] [board_logger] [debug] sending d to the board
[2024-05-06 17:16:36.733] [board_logger] [debug] sending b to the board
[2024-05-06 17:18:58.665] [board_logger] [debug] sending s to the board
[2024-05-06 17:22:50.802] [board_logger] [info] incoming json: {"serial_port":"COM5","mac_address":"","ip_address":"","ip_address_aux":"","ip_address_anc":"","ip_port":0,"ip_port_aux":0,"ip_port_anc":0,"ip_protocol":0,"other_info":"","timeout":0,"serial_number":"","file":"","file_aux":"","file_anc":"","master_board":-100}
[2024-05-06 17:22:50.805] [board_logger] [trace] Board object created 0
[2024-05-06 17:22:50.806] [board_logger] [info] opening port \\.\COM5
[2024-05-06 17:22:50.809] [board_logger] [trace] port \\.\COM5 is open
[2024-05-06 17:22:50.810] [board_logger] [trace] set port settings
[2024-05-06 17:22:50.810] [board_logger] [debug] sending v to the board
[2024-05-06 17:22:51.851] [board_logger] [debug] sending d to the board
[2024-05-06 17:22:53.060] [board_logger] [debug] sending b to the board
[2024-05-06 17:24:14.266] [board_logger] [debug] sending s to the board
[2024-05-06 17:24:14.497] [board_logger] [info] incoming json: {"serial_port":"COM5","mac_address":"","ip_address":"","ip_address_aux":"","ip_address_anc":"","ip_port":0,"ip_port_aux":0,"ip_port_anc":0,"ip_protocol":0,"other_info":"","timeout":0,"serial_number":"","file":"","file_aux":"","file_anc":"","master_board":-100}
[2024-05-06 17:24:14.500] [board_logger] [trace] Board object created 0
[2024-05-06 17:24:14.500] [board_logger] [info] opening port \\.\COM5
[2024-05-06 17:24:14.502] [board_logger] [trace] port \\.\COM5 is open
[2024-05-06 17:24:14.503] [board_logger] [trace] set port settings
[2024-05-06 17:24:14.503] [board_logger] [debug] sending v to the board
[2024-05-06 17:24:15.533] [board_logger] [debug] sending d to the board
[2024-05-06 17:24:16.735] [board_logger] [debug] sending b to the board
[2024-05-06 17:39:58.080] [board_logger] [info] incoming json: {"serial_port":"COM5","mac_address":"","ip_address":"","ip_address_aux":"","ip_address_anc":"","ip_port":0,"ip_port_aux":0,"ip_port_anc":0,"ip_protocol":0,"other_info":"","timeout":0,"serial_number":"","file":"","file_aux":"","file_anc":"","master_board":-100}
[2024-05-06 17:39:58.082] [board_logger] [error] Board with id 0 and the same config already exists
[2024-05-06 17:40:04.761] [board_logger] [debug] sending s to the board
[2024-05-06 17:44:12.290] [board_logger] [info] incoming json: {"serial_port":"COM5","mac_address":"","ip_address":"","ip_address_aux":"","ip_address_anc":"","ip_port":0,"ip_port_aux":0,"ip_port_anc":0,"ip_protocol":0,"other_info":"","timeout":0,"serial_number":"","file":"","file_aux":"","file_anc":"","master_board":-100}
[2024-05-06 17:44:12.292] [board_logger] [trace] Board object created 0
[2024-05-06 17:44:12.292] [board_logger] [info] opening port \\.\COM5
[2024-05-06 17:44:12.294] [board_logger] [trace] port \\.\COM5 is open
[2024-05-06 17:44:12.295] [board_logger] [trace] set port settings
[2024-05-06 17:44:12.296] [board_logger] [debug] sending v to the board
[2024-05-06 17:44:13.335] [board_logger] [debug] sending d to the board
[2024-05-06 17:44:14.541] [board_logger] [debug] sending b to the board
[2024-05-06 17:46:08.569] [board_logger] [info] incoming json: {"serial_port":"COM5","mac_address":"","ip_address":"","ip_address_aux":"","ip_address_anc":"","ip_port":0,"ip_port_aux":0,"ip_port_anc":0,"ip_protocol":0,"other_info":"","timeout":0,"serial_number":"","file":"","file_aux":"","file_anc":"","master_board":-100}
[2024-05-06 17:46:08.572] [board_logger] [error] Board with id 0 and the same config already exists
[2024-05-06 17:46:18.867] [board_logger] [debug] sending s to the board
[2024-05-06 17:46:19.155] [board_logger] [info] incoming json: {"serial_port":"COM5","mac_address":"","ip_address":"","ip_address_aux":"","ip_address_anc":"","ip_port":0,"ip_port_aux":0,"ip_port_anc":0,"ip_protocol":0,"other_info":"","timeout":0,"serial_number":"","file":"","file_aux":"","file_anc":"","master_board":-100}
[2024-05-06 17:46:19.161] [board_logger] [trace] Board object created 0
[2024-05-06 17:46:19.162] [board_logger] [info] opening port \\.\COM5
[2024-05-06 17:46:19.164] [board_logger] [trace] port \\.\COM5 is open
[2024-05-06 17:46:19.164] [board_logger] [trace] set port settings
[2024-05-06 17:46:19.165] [board_logger] [debug] sending v to the board
[2024-05-06 17:46:20.192] [board_logger] [debug] sending d to the board
[2024-05-06 17:46:21.394] [board_logger] [debug] sending b to the board
[2024-05-06 17:47:14.516] [board_logger] [debug] sending s to the board
[2024-05-06 17:47:14.788] [board_logger] [info] incoming json: {"serial_port":"COM5","mac_address":"","ip_address":"","ip_address_aux":"","ip_address_anc":"","ip_port":0,"ip_port_aux":0,"ip_port_anc":0,"ip_protocol":0,"other_info":"","timeout":0,"serial_number":"","file":"","file_aux":"","file_anc":"","master_board":-100}
[2024-05-06 17:47:14.792] [board_logger] [trace] Board object created 0
[2024-05-06 17:47:14.793] [board_logger] [info] opening port \\.\COM5
[2024-05-06 17:47:14.795] [board_logger] [trace] port \\.\COM5 is open
[2024-05-06 17:47:14.795] [board_logger] [trace] set port settings
[2024-05-06 17:47:14.796] [board_logger] [debug] sending v to the board
[2024-05-06 17:47:15.835] [board_logger] [debug] sending d to the board
[2024-05-06 17:47:17.040] [board_logger] [debug] sending b to the board
[2024-05-06 17:48:08.655] [board_logger] [debug] sending s to the board
[2024-05-06 17:48:08.939] [board_logger] [info] incoming json: {"serial_port":"COM5","mac_address":"","ip_address":"","ip_address_aux":"","ip_address_anc":"","ip_port":0,"ip_port_aux":0,"ip_port_anc":0,"ip_protocol":0,"other_info":"","timeout":0,"serial_number":"","file":"","file_aux":"","file_anc":"","master_board":-100}
[2024-05-06 17:48:08.944] [board_logger] [trace] Board object created 0
[2024-05-06 17:48:08.944] [board_logger] [info] opening port \\.\COM5
[2024-05-06 17:48:08.946] [board_logger] [trace] port \\.\COM5 is open
[2024-05-06 17:48:08.947] [board_logger] [trace] set port settings
[2024-05-06 17:48:08.947] [board_logger] [debug] sending v to the board
[2024-05-06 17:48:09.972] [board_logger] [debug] sending d to the board
[2024-05-06 17:48:11.185] [board_logger] [debug] sending b to the board
[2024-05-06 17:49:10.273] [board_logger] [debug] sending s to the board
[2024-05-06 17:49:10.572] [board_logger] [info] incoming json: {"serial_port":"COM5","mac_address":"","ip_address":"","ip_address_aux":"","ip_address_anc":"","ip_port":0,"ip_port_aux":0,"ip_port_anc":0,"ip_protocol":0,"other_info":"","timeout":0,"serial_number":"","file":"","file_aux":"","file_anc":"","master_board":-100}
[2024-05-06 17:49:10.577] [board_logger] [trace] Board object created 0
[2024-05-06 17:49:10.578] [board_logger] [info] opening port \\.\COM5
[2024-05-06 17:49:10.580] [board_logger] [trace] port \\.\COM5 is open
[2024-05-06 17:49:10.582] [board_logger] [trace] set port settings
[2024-05-06 17:49:10.583] [board_logger] [debug] sending v to the board
[2024-05-06 17:49:11.636] [board_logger] [debug] sending d to the board
[2024-05-06 17:49:12.851] [board_logger] [debug] sending b to the board
[2024-05-06 17:49:48.241] [board_logger] [debug] sending s to the board
[2024-05-06 17:49:48.479] [board_logger] [info] incoming json: {"serial_port":"COM5","mac_address":"","ip_address":"","ip_address_aux":"","ip_address_anc":"","ip_port":0,"ip_port_aux":0,"ip_port_anc":0,"ip_protocol":0,"other_info":"","timeout":0,"serial_number":"","file":"","file_aux":"","file_anc":"","master_board":-100}
[2024-05-06 17:49:48.481] [board_logger] [trace] Board object created 0
[2024-05-06 17:49:48.481] [board_logger] [info] opening port \\.\COM5
[2024-05-06 17:49:48.483] [board_logger] [trace] port \\.\COM5 is open
[2024-05-06 17:49:48.484] [board_logger] [trace] set port settings
[2024-05-06 17:49:48.484] [board_logger] [debug] sending v to the board
[2024-05-06 17:49:49.503] [board_logger] [debug] sending d to the board
[2024-05-06 17:49:50.717] [board_logger] [debug] sending b to the board
[2024-05-06 17:50:44.409] [board_logger] [debug] sending s to the board
[2024-05-06 17:50:44.681] [board_logger] [info] incoming json: {"serial_port":"COM5","mac_address":"","ip_address":"","ip_address_aux":"","ip_address_anc":"","ip_port":0,"ip_port_aux":0,"ip_port_anc":0,"ip_protocol":0,"other_info":"","timeout":0,"serial_number":"","file":"","file_aux":"","file_anc":"","master_board":-100}
[2024-05-06 17:50:44.684] [board_logger] [trace] Board object created 0
[2024-05-06 17:50:44.685] [board_logger] [info] opening port \\.\COM5
[2024-05-06 17:50:44.687] [board_logger] [trace] port \\.\COM5 is open
[2024-05-06 17:50:44.688] [board_logger] [trace] set port settings
[2024-05-06 17:50:44.689] [board_logger] [debug] sending v to the board
[2024-05-06 17:50:45.728] [board_logger] [debug] sending d to the board
[2024-05-06 17:50:46.933] [board_logger] [debug] sending b to the board
[2024-05-06 17:53:05.578] [board_logger] [debug] sending s to the board
[2024-05-06 17:53:05.818] [board_logger] [info] incoming json: {"serial_port":"COM5","mac_address":"","ip_address":"","ip_address_aux":"","ip_address_anc":"","ip_port":0,"ip_port_aux":0,"ip_port_anc":0,"ip_protocol":0,"other_info":"","timeout":0,"serial_number":"","file":"","file_aux":"","file_anc":"","master_board":-100}
[2024-05-06 17:53:05.822] [board_logger] [trace] Board object created 0
[2024-05-06 17:53:05.822] [board_logger] [info] opening port \\.\COM5
[2024-05-06 17:53:05.824] [board_logger] [trace] port \\.\COM5 is open
[2024-05-06 17:53:05.825] [board_logger] [trace] set port settings
[2024-05-06 17:53:05.825] [board_logger] [debug] sending v to the board
[2024-05-06 17:53:06.844] [board_logger] [debug] sending d to the board
[2024-05-06 17:53:08.055] [board_logger] [debug] sending b to the board
[2024-05-06 17:55:49.352] [board_logger] [debug] sending s to the board
[2024-05-06 17:55:49.606] [board_logger] [info] incoming json: {"serial_port":"COM5","mac_address":"","ip_address":"","ip_address_aux":"","ip_address_anc":"","ip_port":0,"ip_port_aux":0,"ip_port_anc":0,"ip_protocol":0,"other_info":"","timeout":0,"serial_number":"","file":"","file_aux":"","file_anc":"","master_board":-100}
[2024-05-06 17:55:49.610] [board_logger] [trace] Board object created 0
[2024-05-06 17:55:49.611] [board_logger] [info] opening port \\.\COM5
[2024-05-06 17:55:49.612] [board_logger] [trace] port \\.\COM5 is open
[2024-05-06 17:55:49.613] [board_logger] [trace] set port settings
[2024-05-06 17:55:49.614] [board_logger] [debug] sending v to the board
[2024-05-06 17:55:50.670] [board_logger] [debug] sending d to the board
[2024-05-06 17:55:51.876] [board_logger] [debug] sending b to the board
[2024-05-06 17:58:24.441] [board_logger] [debug] sending s to the board
[2024-05-06 17:58:24.677] [board_logger] [info] incoming json: {"serial_port":"COM5","mac_address":"","ip_address":"","ip_address_aux":"","ip_address_anc":"","ip_port":0,"ip_port_aux":0,"ip_port_anc":0,"ip_protocol":0,"other_info":"","timeout":0,"serial_number":"","file":"","file_aux":"","file_anc":"","master_board":-100}
[2024-05-06 17:58:24.702] [board_logger] [trace] Board object created 0
[2024-05-06 17:58:24.702] [board_logger] [info] opening port \\.\COM5
[2024-05-06 17:58:24.704] [board_logger] [trace] port \\.\COM5 is open
[2024-05-06 17:58:24.704] [board_logger] [trace] set port settings
[2024-05-06 17:58:24.704] [board_logger] [debug] sending v to the board
[2024-05-06 17:58:26.231] [board_logger] [debug] sending d to the board
[2024-05-06 17:58:27.437] [board_logger] [debug] sending b to the board
[2024-05-06 18:01:52.899] [board_logger] [info] incoming json: {"serial_port":"COM5","mac_address":"","ip_address":"","ip_address_aux":"","ip_address_anc":"","ip_port":0,"ip_port_aux":0,"ip_port_anc":0,"ip_protocol":0,"other_info":"","timeout":0,"serial_number":"","file":"","file_aux":"","file_anc":"","master_board":-100}
[2024-05-06 18:01:52.900] [board_logger] [error] Board with id 0 and the same config already exists
[2024-05-06 18:02:01.040] [board_logger] [debug] sending s to the board
[2024-05-06 18:02:01.344] [board_logger] [info] incoming json: {"serial_port":"COM5","mac_address":"","ip_address":"","ip_address_aux":"","ip_address_anc":"","ip_port":0,"ip_port_aux":0,"ip_port_anc":0,"ip_protocol":0,"other_info":"","timeout":0,"serial_number":"","file":"","file_aux":"","file_anc":"","master_board":-100}
[2024-05-06 18:02:01.347] [board_logger] [trace] Board object created 0
[2024-05-06 18:02:01.347] [board_logger] [info] opening port \\.\COM5
[2024-05-06 18:02:01.349] [board_logger] [trace] port \\.\COM5 is open
[2024-05-06 18:02:01.350] [board_logger] [trace] set port settings
[2024-05-06 18:02:01.351] [board_logger] [debug] sending v to the board
[2024-05-06 18:02:02.408] [board_logger] [debug] sending d to the board
[2024-05-06 18:02:03.624] [board_logger] [debug] sending b to the board
[2024-05-06 18:04:17.029] [board_logger] [debug] sending s to the board
[2024-05-06 18:04:17.357] [board_logger] [info] incoming json: {"serial_port":"COM5","mac_address":"","ip_address":"","ip_address_aux":"","ip_address_anc":"","ip_port":0,"ip_port_aux":0,"ip_port_anc":0,"ip_protocol":0,"other_info":"","timeout":0,"serial_number":"","file":"","file_aux":"","file_anc":"","master_board":-100}
[2024-05-06 18:04:17.362] [board_logger] [trace] Board object created 0
[2024-05-06 18:04:17.362] [board_logger] [info] opening port \\.\COM5
[2024-05-06 18:04:17.365] [board_logger] [trace] port \\.\COM5 is open
[2024-05-06 18:04:17.367] [board_logger] [trace] set port settings
[2024-05-06 18:04:17.368] [board_logger] [debug] sending v to the board
[2024-05-06 18:04:18.390] [board_logger] [debug] sending d to the board
[2024-05-06 18:04:19.599] [board_logger] [debug] sending b to the board
[2024-05-06 18:05:07.510] [board_logger] [debug] sending s to the board
[2024-05-06 18:05:07.810] [board_logger] [info] incoming json: {"serial_port":"COM5","mac_address":"","ip_address":"","ip_address_aux":"","ip_address_anc":"","ip_port":0,"ip_port_aux":0,"ip_port_anc":0,"ip_protocol":0,"other_info":"","timeout":0,"serial_number":"","file":"","file_aux":"","file_anc":"","master_board":-100}
[2024-05-06 18:05:07.813] [board_logger] [trace] Board object created 0
[2024-05-06 18:05:07.814] [board_logger] [info] opening port \\.\COM5
[2024-05-06 18:05:07.816] [board_logger] [trace] port \\.\COM5 is open
[2024-05-06 18:05:07.817] [board_logger] [trace] set port settings
[2024-05-06 18:05:07.817] [board_logger] [debug] sending v to the board
[2024-05-06 18:05:08.874] [board_logger] [debug] sending d to the board
[2024-05-06 18:05:10.086] [board_logger] [debug] sending b to the board
[2024-05-06 18:08:44.859] [board_logger] [debug] sending s to the board
[2024-05-06 18:08:45.159] [board_logger] [info] incoming json: {"serial_port":"COM5","mac_address":"","ip_address":"","ip_address_aux":"","ip_address_anc":"","ip_port":0,"ip_port_aux":0,"ip_port_anc":0,"ip_protocol":0,"other_info":"","timeout":0,"serial_number":"","file":"","file_aux":"","file_anc":"","master_board":-100}
[2024-05-06 18:08:45.162] [board_logger] [trace] Board object created 0
[2024-05-06 18:08:45.162] [board_logger] [info] opening port \\.\COM5
[2024-05-06 18:08:45.164] [board_logger] [trace] port \\.\COM5 is open
[2024-05-06 18:08:45.164] [board_logger] [trace] set port settings
[2024-05-06 18:08:45.165] [board_logger] [debug] sending v to the board
[2024-05-06 18:08:46.177] [board_logger] [debug] sending d to the board
[2024-05-06 18:08:47.383] [board_logger] [debug] sending b to the board
[2024-05-06 18:13:29.526] [board_logger] [debug] sending s to the board
[2024-05-06 18:13:29.765] [board_logger] [info] incoming json: {"serial_port":"COM5","mac_address":"","ip_address":"","ip_address_aux":"","ip_address_anc":"","ip_port":0,"ip_port_aux":0,"ip_port_anc":0,"ip_protocol":0,"other_info":"","timeout":0,"serial_number":"","file":"","file_aux":"","file_anc":"","master_board":-100}
[2024-05-06 18:13:29.772] [board_logger] [trace] Board object created 0
[2024-05-06 18:13:29.773] [board_logger] [info] opening port \\.\COM5
[2024-05-06 18:13:29.776] [board_logger] [trace] port \\.\COM5 is open
[2024-05-06 18:13:29.778] [board_logger] [trace] set port settings
[2024-05-06 18:13:29.778] [board_logger] [debug] sending v to the board
[2024-05-06 18:13:30.794] [board_logger] [debug] sending d to the board
[2024-05-06 18:13:32.004] [board_logger] [debug] sending b to the board
[2024-05-06 18:14:03.356] [board_logger] [info] incoming json: {"serial_port":"COM5","mac_address":"","ip_address":"","ip_address_aux":"","ip_address_anc":"","ip_port":0,"ip_port_aux":0,"ip_port_anc":0,"ip_protocol":0,"other_info":"","timeout":0,"serial_number":"","file":"","file_aux":"","file_anc":"","master_board":-100}
[2024-05-06 18:14:03.357] [board_logger] [error] Board with id 0 and the same config already exists
[2024-05-06 18:14:07.620] [board_logger] [debug] sending s to the board
[2024-05-06 18:14:07.863] [board_logger] [info] incoming json: {"serial_port":"COM5","mac_address":"","ip_address":"","ip_address_aux":"","ip_address_anc":"","ip_port":0,"ip_port_aux":0,"ip_port_anc":0,"ip_protocol":0,"other_info":"","timeout":0,"serial_number":"","file":"","file_aux":"","file_anc":"","master_board":-100}
[2024-05-06 18:14:07.869] [board_logger] [trace] Board object created 0
[2024-05-06 18:14:07.869] [board_logger] [info] opening port \\.\COM5
[2024-05-06 18:14:07.871] [board_logger] [trace] port \\.\COM5 is open
[2024-05-06 18:14:07.872] [board_logger] [trace] set port settings
[2024-05-06 18:14:07.873] [board_logger] [debug] sending v to the board
[2024-05-06 18:14:08.882] [board_logger] [debug] sending d to the board
[2024-05-06 18:14:10.087] [board_logger] [debug] sending b to the board
[2024-05-06 18:18:09.716] [board_logger] [debug] sending s to the board
[2024-05-06 18:18:09.958] [board_logger] [info] incoming json: {"serial_port":"COM5","mac_address":"","ip_address":"","ip_address_aux":"","ip_address_anc":"","ip_port":0,"ip_port_aux":0,"ip_port_anc":0,"ip_protocol":0,"other_info":"","timeout":0,"serial_number":"","file":"","file_aux":"","file_anc":"","master_board":-100}
[2024-05-06 18:18:09.962] [board_logger] [trace] Board object created 0
[2024-05-06 18:18:09.962] [board_logger] [info] opening port \\.\COM5
[2024-05-06 18:18:09.964] [board_logger] [trace] port \\.\COM5 is open
[2024-05-06 18:18:09.965] [board_logger] [trace] set port settings
[2024-05-06 18:18:09.965] [board_logger] [debug] sending v to the board
[2024-05-06 18:18:10.981] [board_logger] [debug] sending d to the board
[2024-05-06 18:18:12.195] [board_logger] [debug] sending b to the board
[2024-05-06 18:18:30.261] [board_logger] [debug] sending s to the board
[2024-05-06 18:18:30.546] [board_logger] [info] incoming json: {"serial_port":"COM5","mac_address":"","ip_address":"","ip_address_aux":"","ip_address_anc":"","ip_port":0,"ip_port_aux":0,"ip_port_anc":0,"ip_protocol":0,"other_info":"","timeout":0,"serial_number":"","file":"","file_aux":"","file_anc":"","master_board":-100}
[2024-05-06 18:18:30.549] [board_logger] [trace] Board object created 0
[2024-05-06 18:18:30.550] [board_logger] [info] opening port \\.\COM5
[2024-05-06 18:18:30.553] [board_logger] [trace] port \\.\COM5 is open
[2024-05-06 18:18:30.554] [board_logger] [trace] set port settings
[2024-05-06 18:18:30.554] [board_logger] [debug] sending v to the board
[2024-05-06 18:18:31.576] [board_logger] [debug] sending d to the board
[2024-05-06 18:18:32.784] [board_logger] [debug] sending b to the board
[2024-05-06 18:19:02.934] [board_logger] [debug] sending s to the board
[2024-05-06 18:19:03.233] [board_logger] [info] incoming json: {"serial_port":"COM5","mac_address":"","ip_address":"","ip_address_aux":"","ip_address_anc":"","ip_port":0,"ip_port_aux":0,"ip_port_anc":0,"ip_protocol":0,"other_info":"","timeout":0,"serial_number":"","file":"","file_aux":"","file_anc":"","master_board":-100}
[2024-05-06 18:19:03.236] [board_logger] [trace] Board object created 0
[2024-05-06 18:19:03.236] [board_logger] [info] opening port \\.\COM5
[2024-05-06 18:19:03.238] [board_logger] [trace] port \\.\COM5 is open
[2024-05-06 18:19:03.240] [board_logger] [trace] set port settings
[2024-05-06 18:19:03.240] [board_logger] [debug] sending v to the board
[2024-05-06 18:19:04.253] [board_logger] [debug] sending d to the board
[2024-05-06 18:19:05.470] [board_logger] [debug] sending b to the board
[2024-05-06 18:23:25.306] [board_logger] [debug] sending s to the board
[2024-05-06 18:23:25.501] [board_logger] [info] incoming json: {"serial_port":"COM5","mac_address":"","ip_address":"","ip_address_aux":"","ip_address_anc":"","ip_port":0,"ip_port_aux":0,"ip_port_anc":0,"ip_protocol":0,"other_info":"","timeout":0,"serial_number":"","file":"","file_aux":"","file_anc":"","master_board":-100}
[2024-05-06 18:23:25.503] [board_logger] [trace] Board object created 0
[2024-05-06 18:23:25.504] [board_logger] [info] opening port \\.\COM5
[2024-05-06 18:23:25.505] [board_logger] [trace] port \\.\COM5 is open
[2024-05-06 18:23:25.506] [board_logger] [trace] set port settings
[2024-05-06 18:23:25.506] [board_logger] [debug] sending v to the board
[2024-05-06 18:23:26.935] [board_logger] [debug] sending d to the board
[2024-05-06 18:23:28.148] [board_logger] [debug] sending b to the board
[2024-05-06 18:25:05.599] [board_logger] [debug] sending s to the board
[2024-05-06 18:25:05.801] [board_logger] [info] incoming json: {"serial_port":"COM5","mac_address":"","ip_address":"","ip_address_aux":"","ip_address_anc":"","ip_port":0,"ip_port_aux":0,"ip_port_anc":0,"ip_protocol":0,"other_info":"","timeout":0,"serial_number":"","file":"","file_aux":"","file_anc":"","master_board":-100}
[2024-05-06 18:25:05.803] [board_logger] [trace] Board object created 0
[2024-05-06 18:25:05.804] [board_logger] [info] opening port \\.\COM5
[2024-05-06 18:25:05.806] [board_logger] [trace] port \\.\COM5 is open
[2024-05-06 18:25:05.807] [board_logger] [trace] set port settings
[2024-05-06 18:25:05.807] [board_logger] [debug] sending v to the board
[2024-05-06 18:25:06.817] [board_logger] [debug] sending d to the board
[2024-05-06 18:25:08.023] [board_logger] [debug] sending b to the board
[2024-05-06 18:26:57.367] [board_logger] [debug] sending s to the board
[2024-05-06 18:26:57.558] [board_logger] [info] incoming json: {"serial_port":"COM5","mac_address":"","ip_address":"","ip_address_aux":"","ip_address_anc":"","ip_port":0,"ip_port_aux":0,"ip_port_anc":0,"ip_protocol":0,"other_info":"","timeout":0,"serial_number":"","file":"","file_aux":"","file_anc":"","master_board":-100}
[2024-05-06 18:26:57.560] [board_logger] [trace] Board object created 0
[2024-05-06 18:26:57.561] [board_logger] [info] opening port \\.\COM5
[2024-05-06 18:26:57.563] [board_logger] [trace] port \\.\COM5 is open
[2024-05-06 18:26:57.563] [board_logger] [trace] set port settings
[2024-05-06 18:26:57.564] [board_logger] [debug] sending v to the board
[2024-05-06 18:26:58.589] [board_logger] [debug] sending d to the board
[2024-05-06 18:26:59.794] [board_logger] [debug] sending b to the board
[2024-05-06 18:28:41.853] [board_logger] [debug] sending s to the board
[2024-05-06 18:45:46.802] [board_logger] [info] incoming json: {"serial_port":"COM5","mac_address":"","ip_address":"","ip_address_aux":"","ip_address_anc":"","ip_port":0,"ip_port_aux":0,"ip_port_anc":0,"ip_protocol":0,"other_info":"","timeout":0,"serial_number":"","file":"","file_aux":"","file_anc":"","master_board":-100}
[2024-05-06 18:45:46.808] [board_logger] [trace] Board object created 0
[2024-05-06 18:45:46.809] [board_logger] [info] opening port \\.\COM5
[2024-05-06 18:45:46.811] [board_logger] [trace] port \\.\COM5 is open
[2024-05-06 18:45:46.812] [board_logger] [trace] set port settings
[2024-05-06 18:45:46.812] [board_logger] [debug] sending v to the board
[2024-05-06 18:45:47.828] [board_logger] [debug] sending d to the board
[2024-05-06 18:45:49.048] [board_logger] [debug] sending b to the board
[2024-05-06 18:46:56.747] [board_logger] [info] incoming json: {"serial_port":"COM5","mac_address":"","ip_address":"","ip_address_aux":"","ip_address_anc":"","ip_port":0,"ip_port_aux":0,"ip_port_anc":0,"ip_protocol":0,"other_info":"","timeout":0,"serial_number":"","file":"","file_aux":"","file_anc":"","master_board":-100}
[2024-05-06 18:46:56.752] [board_logger] [error] Board with id 0 and the same config already exists
[2024-05-06 18:47:03.503] [board_logger] [debug] sending s to the board
[2024-05-06 18:47:03.775] [board_logger] [info] incoming json: {"serial_port":"COM5","mac_address":"","ip_address":"","ip_address_aux":"","ip_address_anc":"","ip_port":0,"ip_port_aux":0,"ip_port_anc":0,"ip_protocol":0,"other_info":"","timeout":0,"serial_number":"","file":"","file_aux":"","file_anc":"","master_board":-100}
[2024-05-06 18:47:03.778] [board_logger] [trace] Board object created 0
[2024-05-06 18:47:03.779] [board_logger] [info] opening port \\.\COM5
[2024-05-06 18:47:03.781] [board_logger] [trace] port \\.\COM5 is open
[2024-05-06 18:47:03.782] [board_logger] [trace] set port settings
[2024-05-06 18:47:03.782] [board_logger] [debug] sending v to the board
[2024-05-06 18:47:04.821] [board_logger] [debug] sending d to the board
[2024-05-06 18:47:06.027] [board_logger] [debug] sending b to the board
[2024-05-06 18:47:53.315] [board_logger] [debug] sending s to the board
[2024-05-06 18:50:06.316] [board_logger] [info] incoming json: {"serial_port":"COM5","mac_address":"","ip_address":"","ip_address_aux":"","ip_address_anc":"","ip_port":0,"ip_port_aux":0,"ip_port_anc":0,"ip_protocol":0,"other_info":"","timeout":0,"serial_number":"","file":"","file_aux":"","file_anc":"","master_board":-100}
[2024-05-06 18:50:06.318] [board_logger] [trace] Board object created 0
[2024-05-06 18:50:06.319] [board_logger] [info] opening port \\.\COM5
[2024-05-06 18:50:06.319] [board_logger] [error] Make sure you provided correct port name and have permissions to open it(run with sudo/admin). Also, close all other apps using this port.
[2024-05-06 18:50:47.991] [board_logger] [info] incoming json: {"serial_port":"COM5","mac_address":"","ip_address":"","ip_address_aux":"","ip_address_anc":"","ip_port":0,"ip_port_aux":0,"ip_port_anc":0,"ip_protocol":0,"other_info":"","timeout":0,"serial_number":"","file":"","file_aux":"","file_anc":"","master_board":-100}
[2024-05-06 18:50:47.994] [board_logger] [trace] Board object created 0
[2024-05-06 18:50:47.994] [board_logger] [info] opening port \\.\COM5
[2024-05-06 18:50:47.994] [board_logger] [error] Make sure you provided correct port name and have permissions to open it(run with sudo/admin). Also, close all other apps using this port.
[2024-05-06 18:50:52.592] [board_logger] [info] incoming json: {"serial_port":"COM5","mac_address":"","ip_address":"","ip_address_aux":"","ip_address_anc":"","ip_port":0,"ip_port_aux":0,"ip_port_anc":0,"ip_protocol":0,"other_info":"","timeout":0,"serial_number":"","file":"","file_aux":"","file_anc":"","master_board":-100}
[2024-05-06 18:50:52.594] [board_logger] [trace] Board object created 0
[2024-05-06 18:50:52.595] [board_logger] [info] opening port \\.\COM5
[2024-05-06 18:50:52.595] [board_logger] [error] Make sure you provided correct port name and have permissions to open it(run with sudo/admin). Also, close all other apps using this port.
[2024-05-06 18:51:18.078] [board_logger] [info] incoming json: {"serial_port":"COM5","mac_address":"","ip_address":"","ip_address_aux":"","ip_address_anc":"","ip_port":0,"ip_port_aux":0,"ip_port_anc":0,"ip_protocol":0,"other_info":"","timeout":0,"serial_number":"","file":"","file_aux":"","file_anc":"","master_board":-100}
[2024-05-06 18:51:18.080] [board_logger] [trace] Board object created 0
[2024-05-06 18:51:18.081] [board_logger] [info] opening port \\.\COM5
[2024-05-06 18:51:18.084] [board_logger] [trace] port \\.\COM5 is open
[2024-05-06 18:51:18.085] [board_logger] [trace] set port settings
[2024-05-06 18:51:18.086] [board_logger] [debug] sending v to the board
[2024-05-06 18:51:19.096] [board_logger] [debug] sending d to the board
[2024-05-06 18:51:20.302] [board_logger] [debug] sending b to the board
[2024-05-06 18:53:02.645] [board_logger] [debug] sending s to the board
[2024-05-15 12:36:52.975] [board_logger] [info] incoming json: {"serial_port":"COM5","mac_address":"","ip_address":"","ip_address_aux":"","ip_address_anc":"","ip_port":0,"ip_port_aux":0,"ip_port_anc":0,"ip_protocol":0,"other_info":"","timeout":0,"serial_number":"","file":"","file_aux":"","file_anc":"","master_board":-100}
[2024-05-15 12:36:52.979] [board_logger] [trace] Board object created 0
[2024-05-15 12:36:52.979] [board_logger] [info] opening port \\.\COM5
[2024-05-15 12:36:52.981] [board_logger] [trace] port \\.\COM5 is open
[2024-05-15 12:36:52.982] [board_logger] [trace] set port settings
[2024-05-15 12:36:52.982] [board_logger] [debug] sending v to the board
[2024-05-15 12:36:54.022] [board_logger] [debug] sending d to the board
[2024-05-15 12:36:55.235] [board_logger] [debug] sending b to the board
[2024-05-15 12:38:07.571] [board_logger] [info] incoming json: {"serial_port":"COM5","mac_address":"","ip_address":"","ip_address_aux":"","ip_address_anc":"","ip_port":0,"ip_port_aux":0,"ip_port_anc":0,"ip_protocol":0,"other_info":"","timeout":0,"serial_number":"","file":"","file_aux":"","file_anc":"","master_board":-100}
[2024-05-15 12:38:07.573] [board_logger] [error] Board with id 0 and the same config already exists
[2024-05-15 12:38:19.608] [board_logger] [info] incoming json: {"serial_port":"COM5","mac_address":"","ip_address":"","ip_address_aux":"","ip_address_anc":"","ip_port":0,"ip_port_aux":0,"ip_port_anc":0,"ip_protocol":0,"other_info":"","timeout":0,"serial_number":"","file":"","file_aux":"","file_anc":"","master_board":-100}
[2024-05-15 12:38:19.619] [board_logger] [error] Board with id 0 and the same config already exists
[2024-05-15 12:38:30.823] [board_logger] [debug] sending s to the board
[2024-05-15 12:38:36.712] [board_logger] [info] incoming json: {"serial_port":"COM5","mac_address":"","ip_address":"","ip_address_aux":"","ip_address_anc":"","ip_port":0,"ip_port_aux":0,"ip_port_anc":0,"ip_protocol":0,"other_info":"","timeout":0,"serial_number":"","file":"","file_aux":"","file_anc":"","master_board":-100}
[2024-05-15 12:38:36.715] [board_logger] [trace] Board object created 0
[2024-05-15 12:38:36.715] [board_logger] [info] opening port \\.\COM5
[2024-05-15 12:38:36.717] [board_logger] [trace] port \\.\COM5 is open
[2024-05-15 12:38:36.717] [board_logger] [trace] set port settings
[2024-05-15 12:38:36.717] [board_logger] [debug] sending v to the board
[2024-05-15 12:38:37.754] [board_logger] [debug] sending d to the board
[2024-05-15 12:38:38.957] [board_logger] [debug] sending b to the board
[2024-05-15 12:39:07.123] [board_logger] [debug] sending s to the board
[2024-05-15 12:39:18.741] [board_logger] [info] incoming json: {"serial_port":"COM5","mac_address":"","ip_address":"","ip_address_aux":"","ip_address_anc":"","ip_port":0,"ip_port_aux":0,"ip_port_anc":0,"ip_protocol":0,"other_info":"","timeout":0,"serial_number":"","file":"","file_aux":"","file_anc":"","master_board":-100}
[2024-05-15 12:39:18.745] [board_logger] [trace] Board object created 0
[2024-05-15 12:39:18.745] [board_logger] [info] opening port \\.\COM5
[2024-05-15 12:39:18.747] [board_logger] [trace] port \\.\COM5 is open
[2024-05-15 12:39:18.748] [board_logger] [trace] set port settings
[2024-05-15 12:39:18.748] [board_logger] [debug] sending v to the board
[2024-05-15 12:39:19.768] [board_logger] [debug] sending d to the board
[2024-05-15 12:39:20.978] [board_logger] [debug] sending b to the board
[2024-05-15 12:39:21.150] [board_logger] [debug] sending s to the board
[2024-05-15 12:39:59.284] [board_logger] [info] incoming json: {"serial_port":"COM5","mac_address":"","ip_address":"","ip_address_aux":"","ip_address_anc":"","ip_port":0,"ip_port_aux":0,"ip_port_anc":0,"ip_protocol":0,"other_info":"","timeout":0,"serial_number":"","file":"","file_aux":"","file_anc":"","master_board":-100}
[2024-05-15 12:39:59.287] [board_logger] [trace] Board object created 0
[2024-05-15 12:39:59.288] [board_logger] [info] opening port \\.\COM5
[2024-05-15 12:39:59.290] [board_logger] [trace] port \\.\COM5 is open
[2024-05-15 12:39:59.291] [board_logger] [trace] set port settings
[2024-05-15 12:39:59.291] [board_logger] [debug] sending v to the board
[2024-05-15 12:40:00.342] [board_logger] [debug] sending d to the board
[2024-05-15 12:40:01.542] [board_logger] [debug] sending b to the board
[2024-05-15 12:40:53.534] [board_logger] [info] incoming json: {"serial_port":"COM5","mac_address":"","ip_address":"","ip_address_aux":"","ip_address_anc":"","ip_port":0,"ip_port_aux":0,"ip_port_anc":0,"ip_protocol":0,"other_info":"","timeout":0,"serial_number":"","file":"","file_aux":"","file_anc":"","master_board":-100}
[2024-05-15 12:40:53.537] [board_logger] [error] Board with id 0 and the same config already exists
[2024-05-15 12:41:00.654] [board_logger] [debug] sending s to the board
[2024-05-15 12:41:04.125] [board_logger] [info] incoming json: {"serial_port":"COM5","mac_address":"","ip_address":"","ip_address_aux":"","ip_address_anc":"","ip_port":0,"ip_port_aux":0,"ip_port_anc":0,"ip_protocol":0,"other_info":"","timeout":0,"serial_number":"","file":"","file_aux":"","file_anc":"","master_board":-100}
[2024-05-15 12:41:04.128] [board_logger] [trace] Board object created 0
[2024-05-15 12:41:04.128] [board_logger] [info] opening port \\.\COM5
[2024-05-15 12:41:04.130] [board_logger] [trace] port \\.\COM5 is open
[2024-05-15 12:41:04.131] [board_logger] [trace] set port settings
[2024-05-15 12:41:04.131] [board_logger] [debug] sending v to the board
[2024-05-15 12:41:05.144] [board_logger] [debug] sending d to the board
[2024-05-15 12:41:06.352] [board_logger] [debug] sending b to the board
[2024-05-15 12:43:44.560] [board_logger] [debug] sending s to the board
[2024-05-15 12:43:49.242] [board_logger] [info] incoming json: {"serial_port":"COM5","mac_address":"","ip_address":"","ip_address_aux":"","ip_address_anc":"","ip_port":0,"ip_port_aux":0,"ip_port_anc":0,"ip_protocol":0,"other_info":"","timeout":0,"serial_number":"","file":"","file_aux":"","file_anc":"","master_board":-100}
[2024-05-15 12:43:49.246] [board_logger] [trace] Board object created 0
[2024-05-15 12:43:49.246] [board_logger] [info] opening port \\.\COM5
[2024-05-15 12:43:49.248] [board_logger] [trace] port \\.\COM5 is open
[2024-05-15 12:43:49.249] [board_logger] [trace] set port settings
[2024-05-15 12:43:49.249] [board_logger] [debug] sending v to the board
[2024-05-15 12:43:50.272] [board_logger] [debug] sending d to the board
[2024-05-15 12:43:51.491] [board_logger] [debug] sending b to the board
[2024-05-15 12:46:22.936] [board_logger] [info] incoming json: {"serial_port":"COM5","mac_address":"","ip_address":"","ip_address_aux":"","ip_address_anc":"","ip_port":0,"ip_port_aux":0,"ip_port_anc":0,"ip_protocol":0,"other_info":"","timeout":0,"serial_number":"","file":"","file_aux":"","file_anc":"","master_board":-100}
[2024-05-15 12:46:22.938] [board_logger] [error] Board with id 0 and the same config already exists
[2024-05-15 12:46:26.804] [board_logger] [debug] sending s to the board
[2024-05-15 12:46:28.503] [board_logger] [info] incoming json: {"serial_port":"COM5","mac_address":"","ip_address":"","ip_address_aux":"","ip_address_anc":"","ip_port":0,"ip_port_aux":0,"ip_port_anc":0,"ip_protocol":0,"other_info":"","timeout":0,"serial_number":"","file":"","file_aux":"","file_anc":"","master_board":-100}
[2024-05-15 12:46:28.506] [board_logger] [trace] Board object created 0
[2024-05-15 12:46:28.507] [board_logger] [info] opening port \\.\COM5
[2024-05-15 12:46:28.508] [board_logger] [trace] port \\.\COM5 is open
[2024-05-15 12:46:28.509] [board_logger] [trace] set port settings
[2024-05-15 12:46:28.509] [board_logger] [debug] sending v to the board
[2024-05-15 12:46:29.537] [board_logger] [debug] sending d to the board
[2024-05-15 12:46:30.746] [board_logger] [debug] sending b to the board
[2024-05-15 12:49:36.119] [board_logger] [info] incoming json: {"serial_port":"COM5","mac_address":"","ip_address":"","ip_address_aux":"","ip_address_anc":"","ip_port":0,"ip_port_aux":0,"ip_port_anc":0,"ip_protocol":0,"other_info":"","timeout":0,"serial_number":"","file":"","file_aux":"","file_anc":"","master_board":-100}
[2024-05-15 12:49:36.122] [board_logger] [error] Board with id 0 and the same config already exists
[2024-05-15 12:49:47.249] [board_logger] [debug] sending s to the board
[2024-05-15 12:49:50.864] [board_logger] [info] incoming json: {"serial_port":"COM5","mac_address":"","ip_address":"","ip_address_aux":"","ip_address_anc":"","ip_port":0,"ip_port_aux":0,"ip_port_anc":0,"ip_protocol":0,"other_info":"","timeout":0,"serial_number":"","file":"","file_aux":"","file_anc":"","master_board":-100}
[2024-05-15 12:49:50.865] [board_logger] [trace] Board object created 0
[2024-05-15 12:49:50.866] [board_logger] [info] opening port \\.\COM5
[2024-05-15 12:49:50.868] [board_logger] [trace] port \\.\COM5 is open
[2024-05-15 12:49:50.868] [board_logger] [trace] set port settings
[2024-05-15 12:49:50.868] [board_logger] [debug] sending v to the board
[2024-05-15 12:49:51.883] [board_logger] [debug] sending d to the board
[2024-05-15 12:49:53.096] [board_logger] [debug] sending b to the board
[2024-05-15 12:50:32.470] [board_logger] [debug] sending s to the board
[2024-05-15 12:51:08.575] [board_logger] [info] incoming json: {"serial_port":"COM5","mac_address":"","ip_address":"","ip_address_aux":"","ip_address_anc":"","ip_port":0,"ip_port_aux":0,"ip_port_anc":0,"ip_protocol":0,"other_info":"","timeout":0,"serial_number":"","file":"","file_aux":"","file_anc":"","master_board":-100}
[2024-05-15 12:51:08.583] [board_logger] [trace] Board object created 0
[2024-05-15 12:51:08.584] [board_logger] [info] opening port \\.\COM5
[2024-05-15 12:51:08.586] [board_logger] [trace] port \\.\COM5 is open
[2024-05-15 12:51:08.587] [board_logger] [trace] set port settings
[2024-05-15 12:51:08.587] [board_logger] [debug] sending v to the board
[2024-05-15 12:51:09.609] [board_logger] [debug] sending d to the board
[2024-05-15 12:51:10.817] [board_logger] [debug] sending b to the board
[2024-05-15 12:51:59.635] [board_logger] [debug] sending s to the board
[2024-05-15 12:52:01.455] [board_logger] [info] incoming json: {"serial_port":"COM5","mac_address":"","ip_address":"","ip_address_aux":"","ip_address_anc":"","ip_port":0,"ip_port_aux":0,"ip_port_anc":0,"ip_protocol":0,"other_info":"","timeout":0,"serial_number":"","file":"","file_aux":"","file_anc":"","master_board":-100}
[2024-05-15 12:52:01.458] [board_logger] [trace] Board object created 0
[2024-05-15 12:52:01.458] [board_logger] [info] opening port \\.\COM5
[2024-05-15 12:52:01.460] [board_logger] [trace] port \\.\COM5 is open
[2024-05-15 12:52:01.461] [board_logger] [trace] set port settings
[2024-05-15 12:52:01.461] [board_logger] [debug] sending v to the board
[2024-05-15 12:52:02.512] [board_logger] [debug] sending d to the board
[2024-05-15 12:52:03.726] [board_logger] [debug] sending b to the board
[2024-05-15 12:52:36.893] [board_logger] [info] incoming json: {"serial_port":"COM5","mac_address":"","ip_address":"","ip_address_aux":"","ip_address_anc":"","ip_port":0,"ip_port_aux":0,"ip_port_anc":0,"ip_protocol":0,"other_info":"","timeout":0,"serial_number":"","file":"","file_aux":"","file_anc":"","master_board":-100}
[2024-05-15 12:52:36.896] [board_logger] [error] Board with id 0 and the same config already exists
[2024-05-15 12:52:39.691] [board_logger] [debug] sending s to the board
[2024-05-15 12:52:41.753] [board_logger] [info] incoming json: {"serial_port":"COM5","mac_address":"","ip_address":"","ip_address_aux":"","ip_address_anc":"","ip_port":0,"ip_port_aux":0,"ip_port_anc":0,"ip_protocol":0,"other_info":"","timeout":0,"serial_number":"","file":"","file_aux":"","file_anc":"","master_board":-100}
[2024-05-15 12:52:41.757] [board_logger] [trace] Board object created 0
[2024-05-15 12:52:41.757] [board_logger] [info] opening port \\.\COM5
[2024-05-15 12:52:41.759] [board_logger] [trace] port \\.\COM5 is open
[2024-05-15 12:52:41.760] [board_logger] [trace] set port settings
[2024-05-15 12:52:41.760] [board_logger] [debug] sending v to the board
[2024-05-15 12:52:42.809] [board_logger] [debug] sending d to the board
[2024-05-15 12:52:44.020] [board_logger] [debug] sending b to the board
[2024-05-15 12:54:03.464] [board_logger] [debug] sending s to the board
[2024-05-15 12:54:06.022] [board_logger] [info] incoming json: {"serial_port":"COM5","mac_address":"","ip_address":"","ip_address_aux":"","ip_address_anc":"","ip_port":0,"ip_port_aux":0,"ip_port_anc":0,"ip_protocol":0,"other_info":"","timeout":0,"serial_number":"","file":"","file_aux":"","file_anc":"","master_board":-100}
[2024-05-15 12:54:06.025] [board_logger] [trace] Board object created 0
[2024-05-15 12:54:06.026] [board_logger] [info] opening port \\.\COM5
[2024-05-15 12:54:06.027] [board_logger] [trace] port \\.\COM5 is open
[2024-05-15 12:54:06.028] [board_logger] [trace] set port settings
[2024-05-15 12:54:06.028] [board_logger] [debug] sending v to the board
[2024-05-15 12:54:07.080] [board_logger] [debug] sending d to the board
[2024-05-15 12:54:08.289] [board_logger] [debug] sending b to the board
[2024-05-15 12:55:29.319] [board_logger] [debug] sending s to the board
[2024-05-15 12:55:31.317] [board_logger] [info] incoming json: {"serial_port":"COM5","mac_address":"","ip_address":"","ip_address_aux":"","ip_address_anc":"","ip_port":0,"ip_port_aux":0,"ip_port_anc":0,"ip_protocol":0,"other_info":"","timeout":0,"serial_number":"","file":"","file_aux":"","file_anc":"","master_board":-100}
[2024-05-15 12:55:31.319] [board_logger] [trace] Board object created 0
[2024-05-15 12:55:31.320] [board_logger] [info] opening port \\.\COM5
[2024-05-15 12:55:31.322] [board_logger] [trace] port \\.\COM5 is open
[2024-05-15 12:55:31.323] [board_logger] [trace] set port settings
[2024-05-15 12:55:31.323] [board_logger] [debug] sending v to the board
[2024-05-15 12:55:32.339] [board_logger] [debug] sending d to the board
[2024-05-15 12:55:33.544] [board_logger] [debug] sending b to the board
[2024-05-15 13:01:45.514] [board_logger] [debug] sending s to the board
[2024-05-15 13:01:55.689] [board_logger] [info] incoming json: {"serial_port":"COM5","mac_address":"","ip_address":"","ip_address_aux":"","ip_address_anc":"","ip_port":0,"ip_port_aux":0,"ip_port_anc":0,"ip_protocol":0,"other_info":"","timeout":0,"serial_number":"","file":"","file_aux":"","file_anc":"","master_board":-100}
[2024-05-15 13:01:55.692] [board_logger] [trace] Board object created 0
[2024-05-15 13:01:55.692] [board_logger] [info] opening port \\.\COM5
[2024-05-15 13:01:55.694] [board_logger] [trace] port \\.\COM5 is open
[2024-05-15 13:01:55.695] [board_logger] [trace] set port settings
[2024-05-15 13:01:55.695] [board_logger] [debug] sending v to the board
[2024-05-15 13:01:59.564] [board_logger] [debug] sending d to the board
[2024-05-15 13:02:00.767] [board_logger] [debug] sending b to the board
[2024-05-15 13:04:53.566] [board_logger] [debug] sending s to the board
[2024-05-15 13:06:35.521] [board_logger] [info] incoming json: {"serial_port":"COM5","mac_address":"","ip_address":"","ip_address_aux":"","ip_address_anc":"","ip_port":0,"ip_port_aux":0,"ip_port_anc":0,"ip_protocol":0,"other_info":"","timeout":0,"serial_number":"","file":"","file_aux":"","file_anc":"","master_board":-100}
[2024-05-15 13:06:35.523] [board_logger] [trace] Board object created 0
[2024-05-15 13:06:35.524] [board_logger] [info] opening port \\.\COM5
[2024-05-15 13:06:35.526] [board_logger] [trace] port \\.\COM5 is open
[2024-05-15 13:06:35.526] [board_logger] [trace] set port settings
[2024-05-15 13:06:35.527] [board_logger] [debug] sending v to the board
[2024-05-15 13:06:36.547] [board_logger] [debug] sending d to the board
[2024-05-15 13:06:37.750] [board_logger] [debug] sending b to the board
[2024-05-15 13:09:33.009] [board_logger] [info] incoming json: {"serial_port":"COM5","mac_address":"","ip_address":"","ip_address_aux":"","ip_address_anc":"","ip_port":0,"ip_port_aux":0,"ip_port_anc":0,"ip_protocol":0,"other_info":"","timeout":0,"serial_number":"","file":"","file_aux":"","file_anc":"","master_board":-100}
[2024-05-15 13:09:33.016] [board_logger] [error] Board with id 0 and the same config already exists
[2024-05-15 13:10:12.698] [board_logger] [debug] sending s to the board
[2024-05-15 13:10:15.249] [board_logger] [info] incoming json: {"serial_port":"COM5","mac_address":"","ip_address":"","ip_address_aux":"","ip_address_anc":"","ip_port":0,"ip_port_aux":0,"ip_port_anc":0,"ip_protocol":0,"other_info":"","timeout":0,"serial_number":"","file":"","file_aux":"","file_anc":"","master_board":-100}
[2024-05-15 13:10:15.254] [board_logger] [trace] Board object created 0
[2024-05-15 13:10:15.254] [board_logger] [info] opening port \\.\COM5
[2024-05-15 13:10:15.256] [board_logger] [trace] port \\.\COM5 is open
[2024-05-15 13:10:15.257] [board_logger] [trace] set port settings
[2024-05-15 13:10:15.258] [board_logger] [debug] sending v to the board
[2024-05-15 13:10:16.307] [board_logger] [debug] sending d to the board
[2024-05-15 13:10:17.512] [board_logger] [debug] sending b to the board
[2024-05-15 13:11:19.053] [board_logger] [debug] sending s to the board
[2024-05-15 13:11:21.944] [board_logger] [info] incoming json: {"serial_port":"COM5","mac_address":"","ip_address":"","ip_address_aux":"","ip_address_anc":"","ip_port":0,"ip_port_aux":0,"ip_port_anc":0,"ip_protocol":0,"other_info":"","timeout":0,"serial_number":"","file":"","file_aux":"","file_anc":"","master_board":-100}
[2024-05-15 13:11:21.951] [board_logger] [trace] Board object created 0
[2024-05-15 13:11:21.953] [board_logger] [info] opening port \\.\COM5
[2024-05-15 13:11:21.955] [board_logger] [trace] port \\.\COM5 is open
[2024-05-15 13:11:21.956] [board_logger] [trace] set port settings
[2024-05-15 13:11:21.956] [board_logger] [debug] sending v to the board
[2024-05-15 13:11:23.007] [board_logger] [debug] sending d to the board
[2024-05-15 13:11:24.215] [board_logger] [debug] sending b to the board
[2024-05-15 13:13:31.837] [board_logger] [info] incoming json: {"serial_port":"COM5","mac_address":"","ip_address":"","ip_address_aux":"","ip_address_anc":"","ip_port":0,"ip_port_aux":0,"ip_port_anc":0,"ip_protocol":0,"other_info":"","timeout":0,"serial_number":"","file":"","file_aux":"","file_anc":"","master_board":-100}
[2024-05-15 13:13:31.841] [board_logger] [error] Board with id 0 and the same config already exists
[2024-05-15 13:13:36.216] [board_logger] [debug] sending s to the board
[2024-05-15 13:13:40.102] [board_logger] [info] incoming json: {"serial_port":"COM5","mac_address":"","ip_address":"","ip_address_aux":"","ip_address_anc":"","ip_port":0,"ip_port_aux":0,"ip_port_anc":0,"ip_protocol":0,"other_info":"","timeout":0,"serial_number":"","file":"","file_aux":"","file_anc":"","master_board":-100}
[2024-05-15 13:13:40.106] [board_logger] [trace] Board object created 0
[2024-05-15 13:13:40.106] [board_logger] [info] opening port \\.\COM5
[2024-05-15 13:13:40.108] [board_logger] [trace] port \\.\COM5 is open
[2024-05-15 13:13:40.109] [board_logger] [trace] set port settings
[2024-05-15 13:13:40.109] [board_logger] [debug] sending v to the board
[2024-05-15 13:13:41.145] [board_logger] [debug] sending d to the board
[2024-05-15 13:13:42.358] [board_logger] [debug] sending b to the board
[2024-05-15 13:16:52.458] [board_logger] [debug] sending s to the board
[2024-05-15 13:16:57.382] [board_logger] [info] incoming json: {"serial_port":"COM5","mac_address":"","ip_address":"","ip_address_aux":"","ip_address_anc":"","ip_port":0,"ip_port_aux":0,"ip_port_anc":0,"ip_protocol":0,"other_info":"","timeout":0,"serial_number":"","file":"","file_aux":"","file_anc":"","master_board":-100}
[2024-05-15 13:16:57.385] [board_logger] [trace] Board object created 0
[2024-05-15 13:16:57.385] [board_logger] [info] opening port \\.\COM5
[2024-05-15 13:16:57.387] [board_logger] [trace] port \\.\COM5 is open
[2024-05-15 13:16:57.388] [board_logger] [trace] set port settings
[2024-05-15 13:16:57.388] [board_logger] [debug] sending v to the board
[2024-05-15 13:16:58.412] [board_logger] [debug] sending d to the board
[2024-05-15 13:16:59.618] [board_logger] [debug] sending b to the board
[2024-05-15 13:18:21.088] [board_logger] [debug] sending s to the board
[2024-05-15 13:18:26.803] [board_logger] [info] incoming json: {"serial_port":"COM5","mac_address":"","ip_address":"","ip_address_aux":"","ip_address_anc":"","ip_port":0,"ip_port_aux":0,"ip_port_anc":0,"ip_protocol":0,"other_info":"","timeout":0,"serial_number":"","file":"","file_aux":"","file_anc":"","master_board":-100}
[2024-05-15 13:18:26.808] [board_logger] [trace] Board object created 0
[2024-05-15 13:18:26.809] [board_logger] [info] opening port \\.\COM5
[2024-05-15 13:18:26.811] [board_logger] [trace] port \\.\COM5 is open
[2024-05-15 13:18:26.811] [board_logger] [trace] set port settings
[2024-05-15 13:18:26.812] [board_logger] [debug] sending v to the board
[2024-05-15 13:18:27.865] [board_logger] [debug] sending d to the board
[2024-05-15 13:18:29.081] [board_logger] [debug] sending b to the board
[2024-05-15 13:21:14.923] [board_logger] [debug] sending s to the board
[2024-05-15 13:22:21.049] [board_logger] [info] incoming json: {"serial_port":"COM5","mac_address":"","ip_address":"","ip_address_aux":"","ip_address_anc":"","ip_port":0,"ip_port_aux":0,"ip_port_anc":0,"ip_protocol":0,"other_info":"","timeout":0,"serial_number":"","file":"","file_aux":"","file_anc":"","master_board":-100}
[2024-05-15 13:22:21.052] [board_logger] [trace] Board object created 0
[2024-05-15 13:22:21.053] [board_logger] [info] opening port \\.\COM5
[2024-05-15 13:22:21.055] [board_logger] [trace] port \\.\COM5 is open
[2024-05-15 13:22:21.056] [board_logger] [trace] set port settings
[2024-05-15 13:22:21.056] [board_logger] [debug] sending v to the board
[2024-05-15 13:22:22.076] [board_logger] [debug] sending d to the board
[2024-05-15 13:22:23.294] [board_logger] [debug] sending b to the board
[2024-05-15 13:27:47.065] [board_logger] [info] incoming json: {"serial_port":"COM5","mac_address":"","ip_address":"","ip_address_aux":"","ip_address_anc":"","ip_port":0,"ip_port_aux":0,"ip_port_anc":0,"ip_protocol":0,"other_info":"","timeout":0,"serial_number":"","file":"","file_aux":"","file_anc":"","master_board":-100}
[2024-05-15 13:27:47.068] [board_logger] [error] Board with id 0 and the same config already exists
[2024-05-15 13:27:52.998] [board_logger] [debug] sending s to the board
[2024-05-15 13:27:55.209] [board_logger] [info] incoming json: {"serial_port":"COM5","mac_address":"","ip_address":"","ip_address_aux":"","ip_address_anc":"","ip_port":0,"ip_port_aux":0,"ip_port_anc":0,"ip_protocol":0,"other_info":"","timeout":0,"serial_number":"","file":"","file_aux":"","file_anc":"","master_board":-100}
[2024-05-15 13:27:55.213] [board_logger] [trace] Board object created 0
[2024-05-15 13:27:55.213] [board_logger] [info] opening port \\.\COM5
[2024-05-15 13:27:55.215] [board_logger] [trace] port \\.\COM5 is open
[2024-05-15 13:27:55.215] [board_logger] [trace] set port settings
[2024-05-15 13:27:55.216] [board_logger] [debug] sending v to the board
[2024-05-15 13:27:56.364] [board_logger] [debug] sending d to the board
[2024-05-15 13:27:57.572] [board_logger] [debug] sending b to the board
[2024-05-15 13:29:45.720] [board_logger] [debug] sending s to the board
[2024-05-15 13:30:00.135] [board_logger] [info] incoming json: {"serial_port":"COM5","mac_address":"","ip_address":"","ip_address_aux":"","ip_address_anc":"","ip_port":0,"ip_port_aux":0,"ip_port_anc":0,"ip_protocol":0,"other_info":"","timeout":0,"serial_number":"","file":"","file_aux":"","file_anc":"","master_board":-100}
[2024-05-15 13:30:00.139] [board_logger] [trace] Board object created 0
[2024-05-15 13:30:00.140] [board_logger] [info] opening port \\.\COM5
[2024-05-15 13:30:00.142] [board_logger] [trace] port \\.\COM5 is open
[2024-05-15 13:30:00.143] [board_logger] [trace] set port settings
[2024-05-15 13:30:00.143] [board_logger] [debug] sending v to the board
[2024-05-15 13:30:01.190] [board_logger] [debug] sending d to the board
[2024-05-15 13:30:02.399] [board_logger] [debug] sending b to the board
[2024-05-15 13:35:48.812] [board_logger] [debug] sending s to the board
[2024-05-15 13:35:50.867] [board_logger] [info] incoming json: {"serial_port":"COM5","mac_address":"","ip_address":"","ip_address_aux":"","ip_address_anc":"","ip_port":0,"ip_port_aux":0,"ip_port_anc":0,"ip_protocol":0,"other_info":"","timeout":0,"serial_number":"","file":"","file_aux":"","file_anc":"","master_board":-100}
[2024-05-15 13:35:50.871] [board_logger] [trace] Board object created 0
[2024-05-15 13:35:50.871] [board_logger] [info] opening port \\.\COM5
[2024-05-15 13:35:50.873] [board_logger] [trace] port \\.\COM5 is open
[2024-05-15 13:35:50.873] [board_logger] [trace] set port settings
[2024-05-15 13:35:50.874] [board_logger] [debug] sending v to the board
[2024-05-15 13:35:51.929] [board_logger] [debug] sending d to the board
[2024-05-15 13:35:53.139] [board_logger] [debug] sending b to the board
[2024-05-15 13:50:50.486] [board_logger] [debug] sending s to the board
[2024-05-15 14:21:38.066] [board_logger] [info] incoming json: {"serial_port":"COM5","mac_address":"","ip_address":"","ip_address_aux":"","ip_address_anc":"","ip_port":0,"ip_port_aux":0,"ip_port_anc":0,"ip_protocol":0,"other_info":"","timeout":0,"serial_number":"","file":"","file_aux":"","file_anc":"","master_board":-100}
[2024-05-15 14:21:38.069] [board_logger] [trace] Board object created 0
[2024-05-15 14:21:38.069] [board_logger] [info] opening port \\.\COM5
[2024-05-15 14:21:38.071] [board_logger] [trace] port \\.\COM5 is open
[2024-05-15 14:21:38.072] [board_logger] [trace] set port settings
[2024-05-15 14:21:38.072] [board_logger] [debug] sending v to the board
[2024-05-15 14:21:39.094] [board_logger] [debug] sending d to the board
[2024-05-15 14:21:40.298] [board_logger] [debug] sending b to the board
[2024-05-15 14:25:21.443] [board_logger] [debug] sending s to the board
[2024-05-15 14:25:40.236] [board_logger] [info] incoming json: {"serial_port":"COM5","mac_address":"","ip_address":"","ip_address_aux":"","ip_address_anc":"","ip_port":0,"ip_port_aux":0,"ip_port_anc":0,"ip_protocol":0,"other_info":"","timeout":0,"serial_number":"","file":"","file_aux":"","file_anc":"","master_board":-100}
[2024-05-15 14:25:40.238] [board_logger] [trace] Board object created 0
[2024-05-15 14:25:40.238] [board_logger] [info] opening port \\.\COM5
[2024-05-15 14:25:40.240] [board_logger] [trace] port \\.\COM5 is open
[2024-05-15 14:25:40.241] [board_logger] [trace] set port settings
[2024-05-15 14:25:40.241] [board_logger] [debug] sending v to the board
[2024-05-15 14:25:41.253] [board_logger] [debug] sending d to the board
[2024-05-15 14:25:42.455] [board_logger] [debug] sending b to the board
[2024-05-15 14:28:29.245] [board_logger] [debug] sending s to the board
[2024-05-15 14:28:46.565] [board_logger] [info] incoming json: {"serial_port":"COM5","mac_address":"","ip_address":"","ip_address_aux":"","ip_address_anc":"","ip_port":0,"ip_port_aux":0,"ip_port_anc":0,"ip_protocol":0,"other_info":"","timeout":0,"serial_number":"","file":"","file_aux":"","file_anc":"","master_board":-100}
[2024-05-15 14:28:46.568] [board_logger] [trace] Board object created 0
[2024-05-15 14:28:46.568] [board_logger] [info] opening port \\.\COM5
[2024-05-15 14:28:46.570] [board_logger] [trace] port \\.\COM5 is open
[2024-05-15 14:28:46.571] [board_logger] [trace] set port settings
[2024-05-15 14:28:46.571] [board_logger] [debug] sending v to the board
[2024-05-15 14:28:47.596] [board_logger] [debug] sending d to the board
[2024-05-15 14:28:48.802] [board_logger] [debug] sending b to the board
[2024-05-15 14:32:21.400] [board_logger] [debug] sending s to the board
[2024-05-15 14:32:23.627] [board_logger] [info] incoming json: {"serial_port":"COM5","mac_address":"","ip_address":"","ip_address_aux":"","ip_address_anc":"","ip_port":0,"ip_port_aux":0,"ip_port_anc":0,"ip_protocol":0,"other_info":"","timeout":0,"serial_number":"","file":"","file_aux":"","file_anc":"","master_board":-100}
[2024-05-15 14:32:23.630] [board_logger] [trace] Board object created 0
[2024-05-15 14:32:23.631] [board_logger] [info] opening port \\.\COM5
[2024-05-15 14:32:23.632] [board_logger] [trace] port \\.\COM5 is open
[2024-05-15 14:32:23.633] [board_logger] [trace] set port settings
[2024-05-15 14:32:23.633] [board_logger] [debug] sending v to the board
[2024-05-15 14:32:24.669] [board_logger] [debug] sending d to the board
[2024-05-15 14:32:25.874] [board_logger] [debug] sending b to the board
[2024-05-15 14:32:32.650] [board_logger] [debug] sending s to the board
[2024-05-15 14:32:37.726] [board_logger] [info] incoming json: {"serial_port":"COM5","mac_address":"","ip_address":"","ip_address_aux":"","ip_address_anc":"","ip_port":0,"ip_port_aux":0,"ip_port_anc":0,"ip_protocol":0,"other_info":"","timeout":0,"serial_number":"","file":"","file_aux":"","file_anc":"","master_board":-100}
[2024-05-15 14:32:37.728] [board_logger] [trace] Board object created 0
[2024-05-15 14:32:37.729] [board_logger] [info] opening port \\.\COM5
[2024-05-15 14:32:37.730] [board_logger] [trace] port \\.\COM5 is open
[2024-05-15 14:32:37.731] [board_logger] [trace] set port settings
[2024-05-15 14:32:37.731] [board_logger] [debug] sending v to the board
[2024-05-15 14:32:38.748] [board_logger] [debug] sending d to the board
[2024-05-15 14:32:39.955] [board_logger] [debug] sending b to the board
[2024-05-15 14:37:44.156] [board_logger] [info] incoming json: {"serial_port":"COM5","mac_address":"","ip_address":"","ip_address_aux":"","ip_address_anc":"","ip_port":0,"ip_port_aux":0,"ip_port_anc":0,"ip_protocol":0,"other_info":"","timeout":0,"serial_number":"","file":"","file_aux":"","file_anc":"","master_board":-100}
[2024-05-15 14:37:44.159] [board_logger] [error] Board with id 0 and the same config already exists
[2024-05-15 14:37:48.090] [board_logger] [debug] sending s to the board
[2024-05-15 14:37:50.699] [board_logger] [info] incoming json: {"serial_port":"COM5","mac_address":"","ip_address":"","ip_address_aux":"","ip_address_anc":"","ip_port":0,"ip_port_aux":0,"ip_port_anc":0,"ip_protocol":0,"other_info":"","timeout":0,"serial_number":"","file":"","file_aux":"","file_anc":"","master_board":-100}
[2024-05-15 14:37:50.703] [board_logger] [trace] Board object created 0
[2024-05-15 14:37:50.704] [board_logger] [info] opening port \\.\COM5
[2024-05-15 14:37:50.706] [board_logger] [trace] port \\.\COM5 is open
[2024-05-15 14:37:50.706] [board_logger] [trace] set port settings
[2024-05-15 14:37:50.707] [board_logger] [debug] sending v to the board
[2024-05-15 14:37:51.749] [board_logger] [debug] sending d to the board
[2024-05-15 14:37:52.959] [board_logger] [debug] sending b to the board
[2024-05-15 14:40:06.032] [board_logger] [debug] sending s to the board
[2024-05-15 14:40:12.584] [board_logger] [info] incoming json: {"serial_port":"COM5","mac_address":"","ip_address":"","ip_address_aux":"","ip_address_anc":"","ip_port":0,"ip_port_aux":0,"ip_port_anc":0,"ip_protocol":0,"other_info":"","timeout":0,"serial_number":"","file":"","file_aux":"","file_anc":"","master_board":-100}
[2024-05-15 14:40:12.586] [board_logger] [trace] Board object created 0
[2024-05-15 14:40:12.586] [board_logger] [info] opening port \\.\COM5
[2024-05-15 14:40:12.588] [board_logger] [trace] port \\.\COM5 is open
[2024-05-15 14:40:12.588] [board_logger] [trace] set port settings
[2024-05-15 14:40:12.589] [board_logger] [debug] sending v to the board
[2024-05-15 14:40:13.597] [board_logger] [debug] sending d to the board
[2024-05-15 14:40:14.813] [board_logger] [debug] sending b to the board
[2024-05-15 14:42:34.808] [board_logger] [debug] sending s to the board
[2024-05-15 14:42:41.096] [board_logger] [info] incoming json: {"serial_port":"COM5","mac_address":"","ip_address":"","ip_address_aux":"","ip_address_anc":"","ip_port":0,"ip_port_aux":0,"ip_port_anc":0,"ip_protocol":0,"other_info":"","timeout":0,"serial_number":"","file":"","file_aux":"","file_anc":"","master_board":-100}
[2024-05-15 14:42:41.098] [board_logger] [trace] Board object created 0
[2024-05-15 14:42:41.099] [board_logger] [info] opening port \\.\COM5
[2024-05-15 14:42:41.101] [board_logger] [trace] port \\.\COM5 is open
[2024-05-15 14:42:41.101] [board_logger] [trace] set port settings
[2024-05-15 14:42:41.102] [board_logger] [debug] sending v to the board
[2024-05-15 14:42:42.127] [board_logger] [debug] sending d to the board
[2024-05-15 14:42:43.338] [board_logger] [debug] sending b to the board
